[22-Aug-2016 12:17:27 UTC] PHP Fatal error:  Function name must be a string in /home/ubuntu/workspace/special_Topic/templated-spatial/contact_Us.php on line 3
[22-Aug-2016 12:17:27 UTC] PHP Stack trace:
[22-Aug-2016 12:17:27 UTC] PHP   1. {main}() /home/ubuntu/workspace/special_Topic/templated-spatial/contact_Us.php:0
[22-Aug-2016 12:18:33 UTC] PHP Fatal error:  Function name must be a string in /home/ubuntu/workspace/special_Topic/templated-spatial/contact_Us.php on line 3
[22-Aug-2016 12:18:33 UTC] PHP Stack trace:
[22-Aug-2016 12:18:33 UTC] PHP   1. {main}() /home/ubuntu/workspace/special_Topic/templated-spatial/contact_Us.php:0
[22-Aug-2016 12:18:33 UTC] PHP Fatal error:  Function name must be a string in /home/ubuntu/workspace/special_Topic/templated-spatial/contact_Us.php on line 3
[22-Aug-2016 12:18:33 UTC] PHP Stack trace:
[22-Aug-2016 12:18:33 UTC] PHP   1. {main}() /home/ubuntu/workspace/special_Topic/templated-spatial/contact_Us.php:0
[22-Aug-2016 12:19:36 UTC] PHP Fatal error:  Function name must be a string in /home/ubuntu/workspace/special_Topic/templated-spatial/contact_Us.php on line 3
[22-Aug-2016 12:19:36 UTC] PHP Stack trace:
[22-Aug-2016 12:19:36 UTC] PHP   1. {main}() /home/ubuntu/workspace/special_Topic/templated-spatial/contact_Us.php:0
[22-Aug-2016 12:33:47 UTC] PHP Fatal error:  Function name must be a string in /home/ubuntu/workspace/special_Topic/templated-spatial/contact_Us.php on line 3
[22-Aug-2016 12:33:47 UTC] PHP Stack trace:
[22-Aug-2016 12:33:47 UTC] PHP   1. {main}() /home/ubuntu/workspace/special_Topic/templated-spatial/contact_Us.php:0
[23-Aug-2016 01:46:25 UTC] PHP Fatal error:  Call to a member function prepare() on a non-object in /home/ubuntu/workspace/special_Topic/templated-spatial/mailToDatabase.php on line 56
[23-Aug-2016 01:46:25 UTC] PHP Stack trace:
[23-Aug-2016 01:46:25 UTC] PHP   1. {main}() /home/ubuntu/workspace/special_Topic/templated-spatial/mailToDatabase.php:0
[23-Aug-2016 01:46:25 UTC] PHP   2. message->reg() /home/ubuntu/workspace/special_Topic/templated-spatial/mailToDatabase.php:27
[23-Aug-2016 01:47:32 UTC] PHP Fatal error:  Call to a member function bindParam() on a non-object in /home/ubuntu/workspace/special_Topic/templated-spatial/mailToDatabase.php on line 62
[23-Aug-2016 01:47:32 UTC] PHP Stack trace:
[23-Aug-2016 01:47:32 UTC] PHP   1. {main}() /home/ubuntu/workspace/special_Topic/templated-spatial/mailToDatabase.php:0
[23-Aug-2016 01:47:32 UTC] PHP   2. message->reg() /home/ubuntu/workspace/special_Topic/templated-spatial/mailToDatabase.php:27
[23-Aug-2016 01:48:56 UTC] PHP Fatal error:  Call to a member function bindParam() on a non-object in /home/ubuntu/workspace/special_Topic/templated-spatial/mailToDatabase.php on line 63
[23-Aug-2016 01:48:56 UTC] PHP Stack trace:
[23-Aug-2016 01:48:56 UTC] PHP   1. {main}() /home/ubuntu/workspace/special_Topic/templated-spatial/mailToDatabase.php:0
[23-Aug-2016 01:48:56 UTC] PHP   2. message->reg() /home/ubuntu/workspace/special_Topic/templated-spatial/mailToDatabase.php:27
[23-Aug-2016 01:49:28 UTC] PHP Fatal error:  Call to a member function bindParam() on a non-object in /home/ubuntu/workspace/special_Topic/templated-spatial/mailToDatabase.php on line 63
[23-Aug-2016 01:49:28 UTC] PHP Stack trace:
[23-Aug-2016 01:49:28 UTC] PHP   1. {main}() /home/ubuntu/workspace/special_Topic/templated-spatial/mailToDatabase.php:0
[23-Aug-2016 01:49:28 UTC] PHP   2. message->reg() /home/ubuntu/workspace/special_Topic/templated-spatial/mailToDatabase.php:27
[23-Aug-2016 01:51:26 UTC] PHP Fatal error:  Call to a member function prepare() on a non-object in /home/ubuntu/workspace/special_Topic/templated-spatial/mailToDatabase.php on line 56
[23-Aug-2016 01:51:26 UTC] PHP Stack trace:
[23-Aug-2016 01:51:26 UTC] PHP   1. {main}() /home/ubuntu/workspace/special_Topic/templated-spatial/mailToDatabase.php:0
[23-Aug-2016 01:51:26 UTC] PHP   2. message->reg() /home/ubuntu/workspace/special_Topic/templated-spatial/mailToDatabase.php:27
[23-Aug-2016 01:52:53 UTC] PHP Fatal error:  Call to a member function bindParam() on a non-object in /home/ubuntu/workspace/special_Topic/templated-spatial/mailToDatabase.php on line 63
[23-Aug-2016 01:52:53 UTC] PHP Stack trace:
[23-Aug-2016 01:52:53 UTC] PHP   1. {main}() /home/ubuntu/workspace/special_Topic/templated-spatial/mailToDatabase.php:0
[23-Aug-2016 01:52:53 UTC] PHP   2. message->reg() /home/ubuntu/workspace/special_Topic/templated-spatial/mailToDatabase.php:27
[23-Aug-2016 02:17:45 UTC] PHP Fatal error:  Call to a member function reg() on a non-object in /home/ubuntu/workspace/special_Topic/templated-spatial/mailToDatabase.php on line 24
[23-Aug-2016 02:17:45 UTC] PHP Stack trace:
[23-Aug-2016 02:17:45 UTC] PHP   1. {main}() /home/ubuntu/workspace/special_Topic/templated-spatial/mailToDatabase.php:0
[23-Aug-2016 02:21:33 UTC] PHP Fatal error:  Call to a member function reg() on a non-object in /home/ubuntu/workspace/special_Topic/templated-spatial/mailToDatabase.php on line 24
[23-Aug-2016 02:21:33 UTC] PHP Stack trace:
[23-Aug-2016 02:21:33 UTC] PHP   1. {main}() /home/ubuntu/workspace/special_Topic/templated-spatial/mailToDatabase.php:0
[23-Aug-2016 02:22:08 UTC] PHP Fatal error:  Call to a member function reg() on a non-object in /home/ubuntu/workspace/special_Topic/templated-spatial/mailToDatabase.php on line 24
[23-Aug-2016 02:22:08 UTC] PHP Stack trace:
[23-Aug-2016 02:22:08 UTC] PHP   1. {main}() /home/ubuntu/workspace/special_Topic/templated-spatial/mailToDatabase.php:0
[23-Aug-2016 02:51:09 UTC] PHP Fatal error:  Class 'dadu' not found in /home/ubuntu/workspace/special_Topic/templated-spatial/phpMailer.php on line 58
[23-Aug-2016 02:51:09 UTC] PHP Stack trace:
[23-Aug-2016 02:51:09 UTC] PHP   1. {main}() /home/ubuntu/workspace/special_Topic/templated-spatial/phpMailer.php:0
